0 info it worked if it ends with ok
1 verbose cli [ '/usr/bin/nodejs', '/usr/local/bin/npm', 'install', '-g', 'n' ]
2 info using npm@1.4.21
3 info using node@v0.10.29
4 verbose cache add [ 'n', null ]
5 verbose cache add name=undefined spec="n" args=["n",null]
6 verbose parsed url { protocol: null,
6 verbose parsed url   slashes: null,
6 verbose parsed url   auth: null,
6 verbose parsed url   host: null,
6 verbose parsed url   port: null,
6 verbose parsed url   hostname: null,
6 verbose parsed url   hash: null,
6 verbose parsed url   search: null,
6 verbose parsed url   query: null,
6 verbose parsed url   pathname: 'n',
6 verbose parsed url   path: 'n',
6 verbose parsed url   href: 'n' }
7 silly lockFile d1854cae-n n
8 verbose lock n /root/.npm/d1854cae-n.lock
9 silly lockFile d1854cae-n n
10 silly lockFile d1854cae-n n
11 verbose addNamed [ 'n', '' ]
12 verbose addNamed [ null, '*' ]
13 silly lockFile 6b58d7dc-n n@
14 verbose lock n@ /root/.npm/6b58d7dc-n.lock
15 silly addNameRange { name: 'n', range: '*', hasData: false }
16 verbose request where is /n
17 verbose request registry https://registry.npmjs.org/
18 verbose request id a24870f5febfb84a
19 verbose url raw /n
20 verbose url resolving [ 'https://registry.npmjs.org/', './n' ]
21 verbose url resolved https://registry.npmjs.org/n
22 verbose request where is https://registry.npmjs.org/n
23 info trying registry request attempt 1 at 10:52:28
24 http GET https://registry.npmjs.org/n
25 info retry will retry, error on last attempt: Error: getaddrinfo ENOTFOUND
26 info trying registry request attempt 2 at 10:52:39
27 http GET https://registry.npmjs.org/n
28 info retry will retry, error on last attempt: Error: getaddrinfo ENOTFOUND
29 info trying registry request attempt 3 at 10:53:39
30 http GET https://registry.npmjs.org/n
31 silly lockFile 6b58d7dc-n n@
32 silly lockFile 6b58d7dc-n n@
33 error network getaddrinfo ENOTFOUND
33 error network This is most likely not a problem with npm itself
33 error network and is related to network connectivity.
33 error network In most cases you are behind a proxy or have bad network settings.
33 error network
33 error network If you are behind a proxy, please make sure that the
33 error network 'proxy' config is set properly.  See: 'npm help config'
34 error System Linux 3.16.0-4-amd64
35 error command "/usr/bin/nodejs" "/usr/local/bin/npm" "install" "-g" "n"
36 error cwd /home/gdevelop/node
37 error node -v v0.10.29
38 error npm -v 1.4.21
39 error syscall getaddrinfo
40 error code ENOTFOUND
41 error errno ENOTFOUND
42 verbose exit [ 1, true ]
